2021-03-14 09:34:42,722 INFO  [org.jboss.modules] (main) JBoss Modules version 1.10.2.Final
2021-03-14 09:34:43,248 INFO  [org.jboss.msc] (main) JBoss MSC version 1.4.12.Final
2021-03-14 09:34:43,261 INFO  [org.jboss.threads] (main) JBoss Threads version 2.4.0.Final
2021-03-14 09:34:43,365 INFO  [org.jboss.as] (MSC service thread 1-2) WFLYSRV0049: WildFly Full 21.0.2.Final (WildFly Core 13.0.3.Final) starting
2021-03-14 09:34:43,367 DEBUG [org.jboss.as.config] (MSC service thread 1-2) Configured system properties:
	file.encoding = Cp1252
	file.separator = \
	http.nonProxyHosts = localhost,127.0.0.1,HenrryG
	java.awt.headless = true
	java.class.path = C:\Users\Gomez-Pineda Pc\Desktop\ServersSoftware\wildfly-21.0.2.Final\jboss-modules.jar
	java.class.version = 59.0
	java.home = C:\Program Files\Java\jdk-15.0.2
	java.io.tmpdir = C:\Users\GOMEZ-~1\AppData\Local\Temp\
	java.library.path = C:\Program Files\Java\jdk-15.0.2\bin;C:\WINDOWS\Sun\Java\bin;C:\WINDOWS\system32;C:\WINDOWS;C:\Program Files\Common Files\Oracle\Java\javapath;C:\ProgramData\Oracle\Java\javapath;C:\windows\system32;C:\windows;C:\windows\System32\Wbem;C:\windows\System32\WindowsPowerShell\v1.0\;C:\windows\System32\OpenSSH\;C:\Program Files (x86)\NVIDIA Corporation\PhysX\Common;C:\Program Files\NVIDIA Corporation\NVIDIA NvDLISR;C:\WINDOWS\system32;C:\WINDOWS;C:\WINDOWS\System32\Wbem;C:\WINDOWS\System32\WindowsPowerShell\v1.0\;C:\WINDOWS\System32\OpenSSH\;C:\Program Files (x86)\Brackets\command;C:\opt\apache-maven-3.6.3\bin;%MAVEN_HOME%\bin;C:\Program Files\nodejs\;C:\Program Files\Git\cmd;C:\Gradle\gradle-6.8.2\bin;C:\Program Files\Java\jdk-15.0.2\bin;;C:\Program Files\Docker\Docker\resources\bin;C:\ProgramData\DockerDesktop\version-bin;C:\Users\Gomez-Pineda Pc\AppData\Local\Microsoft\WindowsApps;C:\Users\Gomez-Pineda Pc\AppData\Local\Programs\Microsoft VS Code\bin;C:\Program Files\Sublime Text 3;C:\opt\apache-maven-3.6.3;C:\Users\Gomez-Pineda Pc\AppData\Roaming\Microsoft\Windows\Start Menu\Programs\Accessories;C:\Users\Gomez-Pineda Pc\AppData\Roaming\Microsoft\Windows\Start Menu\Programs\Visual Studio Code;C:\netbeans12\bin;C:\Program Files\Windows NT\Accessories\wordpad.exe;C:\Users\Gomez-Pineda Pc\AppData\Local\GitHubDesktop\bin;C:\Program Files\MongoDB\Server\4.4\bin;C:\Users\Gomez-Pineda Pc\AppData\Roaming\npm;C:\Program Files\MariaDB 10.5\bin;C:\Program Files\JetBrains\IntelliJ IDEA Community Edition 2020.3.2\bin;;;.
	java.net.preferIPv4Stack = true
	java.runtime.name = Java(TM) SE Runtime Environment
	java.runtime.version = 15.0.2+7-27
	java.specification.name = Java Platform API Specification
	java.specification.vendor = Oracle Corporation
	java.specification.version = 15
	java.util.logging.manager = org.jboss.logmanager.LogManager
	java.vendor = Oracle Corporation
	java.vendor.url = https://java.oracle.com/
	java.vendor.url.bug = https://bugreport.java.com/bugreport/
	java.version = 15.0.2
	java.version.date = 2021-01-19
	java.vm.compressedOopsMode = 32-bit
	java.vm.info = mixed mode, sharing
	java.vm.name = Java HotSpot(TM) 64-Bit Server VM
	java.vm.specification.name = Java Virtual Machine Specification
	java.vm.specification.vendor = Oracle Corporation
	java.vm.specification.version = 15
	java.vm.vendor = Oracle Corporation
	java.vm.version = 15.0.2+7-27
	javax.management.builder.initial = org.jboss.as.jmx.PluggableMBeanServerBuilder
	jboss.home.dir = C:\Users\Gomez-Pineda Pc\Desktop\ServersSoftware\wildfly-21.0.2.Final
	jboss.host.name = henrryg
	jboss.http.port = 8081
	jboss.management.http.port = 9990
	jboss.modules.dir = C:\Users\Gomez-Pineda Pc\Desktop\ServersSoftware\wildfly-21.0.2.Final\modules
	jboss.modules.system.pkgs = org.jboss.byteman
	jboss.node.name = henrryg
	jboss.qualified.host.name = henrryg
	jboss.server.base.dir = C:\Users\Gomez-Pineda Pc\Desktop\ServersSoftware\wildfly-21.0.2.Final\standalone
	jboss.server.config.dir = C:\Users\Gomez-Pineda Pc\Desktop\ServersSoftware\wildfly-21.0.2.Final\standalone\configuration
	jboss.server.data.dir = C:\Users\Gomez-Pineda Pc\Desktop\ServersSoftware\wildfly-21.0.2.Final\standalone\data
	jboss.server.deploy.dir = C:\Users\Gomez-Pineda Pc\Desktop\ServersSoftware\wildfly-21.0.2.Final\standalone\data\content
	jboss.server.log.dir = C:\Users\Gomez-Pineda Pc\Desktop\ServersSoftware\wildfly-21.0.2.Final\standalone\log
	jboss.server.name = henrryg
	jboss.server.persist.config = true
	jboss.server.temp.dir = C:\Users\Gomez-Pineda Pc\Desktop\ServersSoftware\wildfly-21.0.2.Final\standalone\tmp
	jdk.debug = release
	line.separator = 

	logging.configuration = file:C:\Users\Gomez-Pineda Pc\Desktop\ServersSoftware\wildfly-21.0.2.Final\standalone\configuration/logging.properties
	module.path = C:\Users\Gomez-Pineda Pc\Desktop\ServersSoftware\wildfly-21.0.2.Final\modules
	org.jboss.boot.log.file = C:\Users\Gomez-Pineda Pc\Desktop\ServersSoftware\wildfly-21.0.2.Final\standalone\log\server.log
	org.jboss.resolver.warning = true
	os.arch = amd64
	os.name = Windows 10
	os.version = 10.0
	path.separator = ;
	program.name = standalone.bat
	sun.arch.data.model = 64
	sun.boot.library.path = C:\Program Files\Java\jdk-15.0.2\bin
	sun.cpu.endian = little
	sun.cpu.isalist = amd64
	sun.io.unicode.encoding = UnicodeLittle
	sun.java.command = C:\Users\Gomez-Pineda Pc\Desktop\ServersSoftware\wildfly-21.0.2.Final\jboss-modules.jar -mp C:\Users\Gomez-Pineda Pc\Desktop\ServersSoftware\wildfly-21.0.2.Final\modules org.jboss.as.standalone -Djboss.home.dir=C:\Users\Gomez-Pineda Pc\Desktop\ServersSoftware\wildfly-21.0.2.Final -c standalone-full.xml
	sun.java.launcher = SUN_STANDARD
	sun.jnu.encoding = Cp1252
	sun.management.compiler = HotSpot 64-Bit Tiered Compilers
	sun.os.patch.level = 
	user.country = US
	user.dir = C:\Users\Gomez-Pineda Pc\Desktop\ServersSoftware\wildfly-21.0.2.Final\bin
	user.home = C:\Users\Gomez-Pineda Pc
	user.language = en
	user.name = HenrryG
	user.script = 
	user.timezone = Europe/Berlin
	user.variant = 
2021-03-14 09:34:43,371 DEBUG [org.jboss.as.config] (MSC service thread 1-2) VM Arguments: -Dprogram.name=standalone.bat -Xms128m -Xmx512m -Dhttp.nonProxyHosts=localhost,127.0.0.1,HenrryG -Djava.net.preferIPv4Stack=true -Djboss.modules.system.pkgs=org.jboss.byteman -Djava.awt.headless=true -Djboss.management.http.port=9990 -Djboss.http.port=8081 --add-exports=java.base/sun.nio.ch=ALL-UNNAMED --add-exports=jdk.unsupported/sun.misc=ALL-UNNAMED --add-exports=jdk.unsupported/sun.reflect=ALL-UNNAMED -Dorg.jboss.boot.log.file=C:\Users\Gomez-Pineda Pc\Desktop\ServersSoftware\wildfly-21.0.2.Final\standalone\log\server.log -Dlogging.configuration=file:C:\Users\Gomez-Pineda Pc\Desktop\ServersSoftware\wildfly-21.0.2.Final\standalone\configuration/logging.properties 
2021-03-14 09:34:44,286 INFO  [org.wildfly.security] (ServerService Thread Pool -- 29) ELY00001: WildFly Elytron version 1.13.1.Final
2021-03-14 09:34:45,013 INFO  [org.jboss.as.controller.management-deprecated] (Controller Boot Thread) WFLYCTL0028: Attribute 'security-realm' in the resource at address '/core-service=management/management-interface=http-interface' is deprecated, and may be removed in a future version. See the attribute description in the output of the read-resource-description operation to learn more about the deprecation.
2021-03-14 09:34:45,048 INFO  [org.jboss.as.controller.management-deprecated] (ServerService Thread Pool -- 36) WFLYCTL0028: Attribute 'security-realm' in the resource at address '/subsystem=undertow/server=default-server/https-listener=https' is deprecated, and may be removed in a future version. See the attribute description in the output of the read-resource-description operation to learn more about the deprecation.
2021-03-14 09:34:45,102 INFO  [org.jboss.as.server.deployment.scanner] (DeploymentScanner-threads - 1) WFLYDS0015: Re-attempting failed deployment Clase04-v0.1.war
2021-03-14 09:34:45,147 INFO  [org.jboss.as.server.deployment.scanner] (DeploymentScanner-threads - 1) WFLYDS0004: Found Clase02-v0.1.war in deployment directory. To trigger deployment create a file called Clase02-v0.1.war.dodeploy
2021-03-14 09:34:45,147 INFO  [org.jboss.as.server.deployment.scanner] (DeploymentScanner-threads - 1) WFLYDS0004: Found Clase05-v0.1.war in deployment directory. To trigger deployment create a file called Clase05-v0.1.war.dodeploy
2021-03-14 09:34:45,148 INFO  [org.jboss.as.server.deployment.scanner] (DeploymentScanner-threads - 1) WFLYDS0004: Found Test.war in deployment directory. To trigger deployment create a file called Test.war.dodeploy
2021-03-14 09:34:45,148 INFO  [org.jboss.as.server.deployment.scanner] (DeploymentScanner-threads - 1) WFLYDS0004: Found Clase2-v0.1.war in deployment directory. To trigger deployment create a file called Clase2-v0.1.war.dodeploy
2021-03-14 09:34:45,148 INFO  [org.jboss.as.server.deployment.scanner] (DeploymentScanner-threads - 1) WFLYDS0004: Found Clase03-v0.1.war in deployment directory. To trigger deployment create a file called Clase03-v0.1.war.dodeploy
2021-03-14 09:34:45,148 INFO  [org.jboss.as.server.deployment.scanner] (DeploymentScanner-threads - 1) WFLYDS0004: Found Clase3-v0.1.war in deployment directory. To trigger deployment create a file called Clase3-v0.1.war.dodeploy
2021-03-14 09:34:45,149 INFO  [org.jboss.as.server.deployment.scanner] (DeploymentScanner-threads - 1) WFLYDS0004: Found JavaWebApi-v0.1.war in deployment directory. To trigger deployment create a file called JavaWebApi-v0.1.war.dodeploy
2021-03-14 09:34:45,149 INFO  [org.jboss.as.server.deployment.scanner] (DeploymentScanner-threads - 1) WFLYDS0004: Found Clase04-v0.1.war in deployment directory. To trigger deployment create a file called Clase04-v0.1.war.dodeploy
2021-03-14 09:34:45,199 INFO  [org.jboss.as.server] (Controller Boot Thread) WFLYSRV0039: Creating http management service using socket-binding (management-http)
2021-03-14 09:34:45,214 INFO  [org.xnio] (MSC service thread 1-5) XNIO version 3.8.2.Final
2021-03-14 09:34:45,230 INFO  [org.xnio.nio] (MSC service thread 1-5) XNIO NIO Implementation Version 3.8.2.Final
2021-03-14 09:34:45,316 INFO  [org.jboss.as.clustering.infinispan] (ServerService Thread Pool -- 56) WFLYCLINF0001: Activating Infinispan subsystem.
2021-03-14 09:34:45,343 INFO  [org.wildfly.extension.microprofile.jwt.smallrye._private] (ServerService Thread Pool -- 69) WFLYJWT0001: Activating WildFly MicroProfile JWT Subsystem
2021-03-14 09:34:45,349 INFO  [org.wildfly.extension.microprofile.health.smallrye] (ServerService Thread Pool -- 68) WFLYHEALTH0001: Activating Eclipse MicroProfile Health Subsystem
2021-03-14 09:34:45,350 INFO  [org.jboss.as.connector.subsystems.datasources] (ServerService Thread Pool -- 47) WFLYJCA0004: Deploying JDBC-compliant driver class org.h2.Driver (version 1.4)
2021-03-14 09:34:45,355 INFO  [org.wildfly.iiop.openjdk] (ServerService Thread Pool -- 55) WFLYIIOP0001: Activating IIOP Subsystem
2021-03-14 09:34:45,359 WARN  [org.jboss.as.txn] (ServerService Thread Pool -- 80) WFLYTX0013: The node-identifier attribute on the /subsystem=transactions is set to the default value. This is a danger for environments running multiple servers. Please make sure the attribute value is unique.
2021-03-14 09:34:45,380 INFO  [org.jboss.as.jaxrs] (ServerService Thread Pool -- 58) WFLYRS0016: RESTEasy version 3.13.2.Final
2021-03-14 09:34:45,382 INFO  [org.jboss.as.connector] (MSC service thread 1-4) WFLYJCA0009: Starting JCA Subsystem (WildFly/IronJacamar 1.4.23.Final)
2021-03-14 09:34:45,393 INFO  [org.jboss.as.naming] (ServerService Thread Pool -- 72) WFLYNAM0001: Activating Naming Subsystem
2021-03-14 09:34:45,427 INFO  [org.jboss.as.connector.deployers.jdbc] (MSC service thread 1-3) WFLYJCA0018: Started Driver service with driver-name = h2
2021-03-14 09:34:45,482 INFO  [org.wildfly.extension.microprofile.metrics.smallrye] (ServerService Thread Pool -- 70) WFLYMETRICS0001: Activating Eclipse MicroProfile Metrics Subsystem
2021-03-14 09:34:45,533 INFO  [org.jboss.as.naming] (MSC service thread 1-7) WFLYNAM0003: Starting Naming Service
2021-03-14 09:34:45,534 INFO  [org.wildfly.extension.undertow] (MSC service thread 1-3) WFLYUT0003: Undertow 2.2.2.Final starting
2021-03-14 09:34:45,540 INFO  [org.jboss.as.mail.extension] (MSC service thread 1-3) WFLYMAIL0001: Bound mail session [java:jboss/mail/Default]
2021-03-14 09:34:45,542 INFO  [org.jboss.as.security] (ServerService Thread Pool -- 78) WFLYSEC0002: Activating Security Subsystem
2021-03-14 09:34:45,560 INFO  [org.jboss.as.webservices] (ServerService Thread Pool -- 82) WFLYWS0002: Activating WebServices Extension
2021-03-14 09:34:45,563 INFO  [org.wildfly.extension.microprofile.config.smallrye._private] (ServerService Thread Pool -- 67) WFLYCONF0001: Activating WildFly MicroProfile Config Subsystem
2021-03-14 09:34:45,567 INFO  [org.jboss.as.jsf] (ServerService Thread Pool -- 63) WFLYJSF0007: Activated the following JSF Implementations: [main]
2021-03-14 09:34:45,554 INFO  [org.jboss.as.security] (MSC service thread 1-7) WFLYSEC0001: Current PicketBox version=5.0.3.Final-redhat-00006
2021-03-14 09:34:45,604 INFO  [org.wildfly.extension.microprofile.opentracing] (ServerService Thread Pool -- 71) WFLYTRACEXT0001: Activating MicroProfile OpenTracing Subsystem
2021-03-14 09:34:45,690 INFO  [org.wildfly.extension.undertow] (ServerService Thread Pool -- 81) WFLYUT0014: Creating file handler for path 'C:\Users\Gomez-Pineda Pc\Desktop\ServersSoftware\wildfly-21.0.2.Final/welcome-content' with options [directory-listing: 'false', follow-symlink: 'false', case-sensitive: 'true', safe-symlink-paths: '[]']
2021-03-14 09:34:46,479 INFO  [org.wildfly.extension.io] (ServerService Thread Pool -- 57) WFLYIO001: Worker 'default' has auto-configured to 16 IO threads with 128 max task threads based on your 8 available processors
2021-03-14 09:34:46,482 INFO  [org.jboss.as.ejb3] (MSC service thread 1-3) WFLYEJB0481: Strict pool slsb-strict-max-pool is using a max instance size of 128 (per class), which is derived from thread worker pool sizing.
2021-03-14 09:34:46,482 INFO  [org.jboss.as.ejb3] (MSC service thread 1-8) WFLYEJB0482: Strict pool mdb-strict-max-pool is using a max instance size of 32 (per class), which is derived from the number of CPUs on this host.
2021-03-14 09:34:46,520 INFO  [org.jboss.as.patching] (MSC service thread 1-8) WFLYPAT0050: WildFly Full cumulative patch ID is: base, one-off patches include: none
2021-03-14 09:34:46,528 INFO  [org.jboss.remoting] (MSC service thread 1-4) JBoss Remoting version 5.0.19.Final
2021-03-14 09:34:46,528 INFO  [org.wildfly.extension.undertow] (MSC service thread 1-1) WFLYUT0012: Started server default-server.
2021-03-14 09:34:46,549 INFO  [org.wildfly.extension.undertow] (MSC service thread 1-1) WFLYUT0018: Host default-host starting
2021-03-14 09:34:46,551 WARN  [org.jboss.as.domain.management.security] (MSC service thread 1-7) WFLYDM0111: Keystore C:\Users\Gomez-Pineda Pc\Desktop\ServersSoftware\wildfly-21.0.2.Final\standalone\configuration\application.keystore not found, it will be auto generated on first use with a self signed certificate for host localhost
